2021-10-21 12:32:18,328 [INFO] Activator:170 - 


2021-10-21 12:32:18,330 [INFO] Activator:171 - !SESSION log4j initialized
2021-10-21 12:32:31,388 [ERROR] LogOutputStream:74 - [STDERR_REDIRECT] out 21, 2021 12:32:31 PM org.glassfish.grizzly.http.server.NetworkListener start
2021-10-21 12:32:31,390 [ERROR] LogOutputStream:74 - [STDERR_REDIRECT] INFORMA??ES: Started listener bound to [localhost:1595]
2021-10-21 12:32:31,391 [ERROR] LogOutputStream:74 - [STDERR_REDIRECT] 
2021-10-21 12:32:31,393 [ERROR] LogOutputStream:74 - [STDERR_REDIRECT] out 21, 2021 12:32:31 PM org.glassfish.grizzly.http.server.HttpServer start
2021-10-21 12:32:31,394 [ERROR] LogOutputStream:74 - [STDERR_REDIRECT] INFORMA??ES: [HttpServer] Started.
2021-10-21 12:32:31,394 [ERROR] LogOutputStream:74 - [STDERR_REDIRECT] 
2021-10-21 12:36:13,441 [INFO] LogOutputStream:76 - [STDOUT_REDIRECT] toolchainItems.length=====1
2021-10-21 14:06:50,950 [INFO] LogOutputStream:76 - [STDOUT_REDIRECT] Command line
2021-10-21 14:06:51,223 [INFO] LogOutputStream:76 - [STDOUT_REDIRECT] Command line
2021-10-21 14:06:51,455 [INFO] LogOutputStream:76 - [STDOUT_REDIRECT] Command line
2021-10-21 14:06:51,640 [INFO] LogOutputStream:76 - [STDOUT_REDIRECT] Command line
2021-10-21 14:06:51,824 [INFO] LogOutputStream:76 - [STDOUT_REDIRECT] Command line
2021-10-21 14:06:51,996 [INFO] LogOutputStream:76 - [STDOUT_REDIRECT] Command line
2021-10-21 14:06:52,181 [INFO] LogOutputStream:76 - [STDOUT_REDIRECT] Command line
2021-10-21 14:19:23,288 [ERROR] LogOutputStream:74 - [STDERR_REDIRECT] 
2021-10-21 14:19:41,913 [INFO] Activator:170 - 


2021-10-21 14:19:41,913 [INFO] Activator:171 - !SESSION log4j initialized
2021-10-21 14:19:56,759 [ERROR] LogOutputStream:74 - [STDERR_REDIRECT] out 21, 2021 2:19:56 PM org.glassfish.grizzly.http.server.NetworkListener start
2021-10-21 14:19:56,759 [ERROR] LogOutputStream:74 - [STDERR_REDIRECT] INFORMA??ES: Started listener bound to [localhost:1594]
2021-10-21 14:19:56,759 [ERROR] LogOutputStream:74 - [STDERR_REDIRECT] 
2021-10-21 14:19:56,759 [ERROR] LogOutputStream:74 - [STDERR_REDIRECT] out 21, 2021 2:19:56 PM org.glassfish.grizzly.http.server.HttpServer start
2021-10-21 14:19:56,759 [ERROR] LogOutputStream:74 - [STDERR_REDIRECT] INFORMA??ES: [HttpServer] Started.
2021-10-21 14:19:56,759 [ERROR] LogOutputStream:74 - [STDERR_REDIRECT] 
2021-10-21 23:07:46,103 [ERROR] LogOutputStream:74 - [STDERR_REDIRECT] 
